C:\USERS\刘鑫恺\C语言\PAGE 168\PAGE 168\DEBUG\第一大题.OBJ
C:\USERS\刘鑫恺\C语言\PAGE 168\PAGE 168\DEBUG\VC110.PDB
C:\USERS\刘鑫恺\C语言\PAGE 168\PAGE 168\DEBUG\第二大题.OBJ
C:\USERS\刘鑫恺\C语言\PAGE 168\PAGE 168\DEBUG\第三大题.OBJ
C:\USERS\刘鑫恺\C语言\PAGE 168\PAGE 168\DEBUG\第四大题.OBJ
C:\USERS\刘鑫恺\C语言\PAGE 168\PAGE 168\DEBUG\第五大题.OBJ
C:\USERS\刘鑫恺\C语言\PAGE 168\PAGE 168\DEBUG\第六大题.OBJ
C:\USERS\刘鑫恺\C语言\PAGE 168\PAGE 168\DEBUG\第七大题.OBJ
C:\USERS\刘鑫恺\C语言\PAGE 168\PAGE 168\DEBUG\第八大题.OBJ
C:\USERS\刘鑫恺\C语言\PAGE 168\PAGE 168\DEBUG\第九大题.OBJ
C:\USERS\刘鑫恺\C语言\PAGE 168\DEBUG\PAGE 168.ILK
C:\USERS\刘鑫恺\C语言\PAGE 168\DEBUG\PAGE 168.EXE
C:\USERS\刘鑫恺\C语言\PAGE 168\DEBUG\PAGE 168.PDB
C:\Users\刘鑫恺\C语言\Page 168\Page 168\Debug\第一大题.obj
C:\Users\刘鑫恺\C语言\Page 168\Page 168\Debug\第七大题.obj
C:\Users\刘鑫恺\C语言\Page 168\Page 168\Debug\第三大题.obj
C:\Users\刘鑫恺\C语言\Page 168\Page 168\Debug\第九大题.obj
C:\Users\刘鑫恺\C语言\Page 168\Page 168\Debug\第二大题.obj
C:\Users\刘鑫恺\C语言\Page 168\Page 168\Debug\第五大题.obj
C:\Users\刘鑫恺\C语言\Page 168\Page 168\Debug\第八大题.obj
C:\Users\刘鑫恺\C语言\Page 168\Page 168\Debug\第六大题.obj
C:\Users\刘鑫恺\C语言\Page 168\Page 168\Debug\第四大题.obj
C:\Users\刘鑫恺\C语言\Page 168\Page 168\Debug\cl.command.1.tlog
C:\Users\刘鑫恺\C语言\Page 168\Page 168\Debug\CL.read.1.tlog
C:\Users\刘鑫恺\C语言\Page 168\Page 168\Debug\CL.write.1.tlog
C:\Users\刘鑫恺\C语言\Page 168\Page 168\Debug\link-cvtres.read.1.tlog
C:\Users\刘鑫恺\C语言\Page 168\Page 168\Debug\link-cvtres.write.1.tlog
C:\Users\刘鑫恺\C语言\Page 168\Page 168\Debug\link-rc.read.1.tlog
C:\Users\刘鑫恺\C语言\Page 168\Page 168\Debug\link-rc.write.1.tlog
C:\Users\刘鑫恺\C语言\Page 168\Page 168\Debug\link.1032-cvtres.read.1.tlog
C:\Users\刘鑫恺\C语言\Page 168\Page 168\Debug\link.1032-cvtres.write.1.tlog
C:\Users\刘鑫恺\C语言\Page 168\Page 168\Debug\link.1032-rc.read.1.tlog
C:\Users\刘鑫恺\C语言\Page 168\Page 168\Debug\link.1032-rc.write.1.tlog
C:\Users\刘鑫恺\C语言\Page 168\Page 168\Debug\link.1032.read.1.tlog
C:\Users\刘鑫恺\C语言\Page 168\Page 168\Debug\link.1032.write.1.tlog
C:\Users\刘鑫恺\C语言\Page 168\Page 168\Debug\link.29640-cvtres.read.1.tlog
C:\Users\刘鑫恺\C语言\Page 168\Page 168\Debug\link.29640-cvtres.write.1.tlog
C:\Users\刘鑫恺\C语言\Page 168\Page 168\Debug\link.29640-rc.read.1.tlog
C:\Users\刘鑫恺\C语言\Page 168\Page 168\Debug\link.29640-rc.write.1.tlog
C:\Users\刘鑫恺\C语言\Page 168\Page 168\Debug\link.29640.read.1.tlog
C:\Users\刘鑫恺\C语言\Page 168\Page 168\Debug\link.29640.write.1.tlog
C:\Users\刘鑫恺\C语言\Page 168\Page 168\Debug\link.29864-cvtres.read.1.tlog
C:\Users\刘鑫恺\C语言\Page 168\Page 168\Debug\link.29864-cvtres.write.1.tlog
C:\Users\刘鑫恺\C语言\Page 168\Page 168\Debug\link.29864-rc.read.1.tlog
C:\Users\刘鑫恺\C语言\Page 168\Page 168\Debug\link.29864-rc.write.1.tlog
C:\Users\刘鑫恺\C语言\Page 168\Page 168\Debug\link.29864.read.1.tlog
C:\Users\刘鑫恺\C语言\Page 168\Page 168\Debug\link.29864.write.1.tlog
C:\Users\刘鑫恺\C语言\Page 168\Page 168\Debug\link.33236-cvtres.read.1.tlog
C:\Users\刘鑫恺\C语言\Page 168\Page 168\Debug\link.33236-cvtres.write.1.tlog
C:\Users\刘鑫恺\C语言\Page 168\Page 168\Debug\link.33236-rc.read.1.tlog
C:\Users\刘鑫恺\C语言\Page 168\Page 168\Debug\link.33236-rc.write.1.tlog
C:\Users\刘鑫恺\C语言\Page 168\Page 168\Debug\link.33236.read.1.tlog
C:\Users\刘鑫恺\C语言\Page 168\Page 168\Debug\link.33236.write.1.tlog
C:\Users\刘鑫恺\C语言\Page 168\Page 168\Debug\link.34492-cvtres.read.1.tlog
C:\Users\刘鑫恺\C语言\Page 168\Page 168\Debug\link.34492-cvtres.write.1.tlog
C:\Users\刘鑫恺\C语言\Page 168\Page 168\Debug\link.34492-rc.read.1.tlog
C:\Users\刘鑫恺\C语言\Page 168\Page 168\Debug\link.34492-rc.write.1.tlog
C:\Users\刘鑫恺\C语言\Page 168\Page 168\Debug\link.34492.read.1.tlog
C:\Users\刘鑫恺\C语言\Page 168\Page 168\Debug\link.34492.write.1.tlog
C:\Users\刘鑫恺\C语言\Page 168\Page 168\Debug\link.35760-cvtres.read.1.tlog
C:\Users\刘鑫恺\C语言\Page 168\Page 168\Debug\link.35760-cvtres.write.1.tlog
C:\Users\刘鑫恺\C语言\Page 168\Page 168\Debug\link.35760-rc.read.1.tlog
C:\Users\刘鑫恺\C语言\Page 168\Page 168\Debug\link.35760-rc.write.1.tlog
C:\Users\刘鑫恺\C语言\Page 168\Page 168\Debug\link.35760.read.1.tlog
C:\Users\刘鑫恺\C语言\Page 168\Page 168\Debug\link.35760.write.1.tlog
C:\Users\刘鑫恺\C语言\Page 168\Page 168\Debug\link.36032-cvtres.read.1.tlog
C:\Users\刘鑫恺\C语言\Page 168\Page 168\Debug\link.36032-cvtres.write.1.tlog
C:\Users\刘鑫恺\C语言\Page 168\Page 168\Debug\link.36032-rc.read.1.tlog
C:\Users\刘鑫恺\C语言\Page 168\Page 168\Debug\link.36032-rc.write.1.tlog
C:\Users\刘鑫恺\C语言\Page 168\Page 168\Debug\link.36032.read.1.tlog
C:\Users\刘鑫恺\C语言\Page 168\Page 168\Debug\link.36032.write.1.tlog
C:\Users\刘鑫恺\C语言\Page 168\Page 168\Debug\link.43352-cvtres.read.1.tlog
C:\Users\刘鑫恺\C语言\Page 168\Page 168\Debug\link.43352-cvtres.write.1.tlog
C:\Users\刘鑫恺\C语言\Page 168\Page 168\Debug\link.43352-rc.read.1.tlog
C:\Users\刘鑫恺\C语言\Page 168\Page 168\Debug\link.43352-rc.write.1.tlog
C:\Users\刘鑫恺\C语言\Page 168\Page 168\Debug\link.43352.read.1.tlog
C:\Users\刘鑫恺\C语言\Page 168\Page 168\Debug\link.43352.write.1.tlog
C:\Users\刘鑫恺\C语言\Page 168\Page 168\Debug\link.47004-cvtres.read.1.tlog
C:\Users\刘鑫恺\C语言\Page 168\Page 168\Debug\link.47004-cvtres.write.1.tlog
C:\Users\刘鑫恺\C语言\Page 168\Page 168\Debug\link.47004-rc.read.1.tlog
C:\Users\刘鑫恺\C语言\Page 168\Page 168\Debug\link.47004-rc.write.1.tlog
C:\Users\刘鑫恺\C语言\Page 168\Page 168\Debug\link.47004.read.1.tlog
C:\Users\刘鑫恺\C语言\Page 168\Page 168\Debug\link.47004.write.1.tlog
C:\Users\刘鑫恺\C语言\Page 168\Page 168\Debug\link.command.1.tlog
C:\Users\刘鑫恺\C语言\Page 168\Page 168\Debug\link.read.1.tlog
C:\Users\刘鑫恺\C语言\Page 168\Page 168\Debug\link.write.1.tlog
C:\Users\刘鑫恺\C语言\Page 168\Page 168\Debug\vc110.idb
C:\Users\刘鑫恺\C语言\Page 168\Page 168\Debug\vc110.pdb
C:\Users\刘鑫恺\C语言\Page 168\Debug\Page 168.pdb
C:\Users\刘鑫恺\C语言\Page 168\Debug\Page 168.exe
C:\Users\刘鑫恺\C语言\Page 168\Debug\Page 168.ilk
